<?xml version="1.0" encoding="UTF-8"?>
<!-- Generated by org.testng.reporters.JUnitReportReporter -->
<testsuite skipped="0" hostname="WKSP000A756E" name="com.usa.amazontest.TestNGAnutation" tests="5" failures="0" timestamp="27 Aug 2019 14:28:38 GMT" time="0.012" errors="0">
  <testcase name="methodOne" time="0.004" classname="com.usa.amazontest.TestNGAnutation"/>
  <testcase name="methodTwo" time="0.001" classname="com.usa.amazontest.TestNGAnutation"/>
  <testcase name="methodThree" time="0.001" classname="com.usa.amazontest.TestNGAnutation"/>
  <testcase name="testCase1" time="0.000" classname="com.usa.amazontest.TestNGAnutation"/>
  <testcase name="testCase2" time="0.006" classname="com.usa.amazontest.TestNGAnutation"/>
</testsuite> <!-- com.usa.amazontest.TestNGAnutation -->
