<?xml version="1.0" encoding="UTF-8"?>
<!-- Generated by org.testng.reporters.JUnitReportReporter -->
<testsuite skipped="0" hostname="WKSP000A756E" name="com.usa.amazontest.TestNG_Grouping" tests="3" failures="0" timestamp="27 Aug 2019 14:41:06 GMT" time="0.016" errors="0">
  <testcase name="testCaseOne" time="0.001" classname="com.usa.amazontest.TestNG_Grouping"/>
  <testcase name="testCaseFour" time="0.015" classname="com.usa.amazontest.TestNG_Grouping"/>
  <testcase name="testCaseTwo" time="0.000" classname="com.usa.amazontest.TestNG_Grouping"/>
</testsuite> <!-- com.usa.amazontest.TestNG_Grouping -->
