<?xml version="1.0" encoding="UTF-8"?>
<!-- Generated by org.testng.reporters.JUnitReportReporter -->
<testsuite skipped="0" hostname="WKSP000A756E" name="com.usa.amazontest.TestNG_Parameterization" tests="3" failures="0" timestamp="27 Aug 2019 13:51:39 GMT" time="0.008" errors="0">
  <testcase name="testMethod" time="0.001" classname="com.usa.amazontest.TestNG_Parameterization"/>
  <testcase name="testMethod" time="0.007" classname="com.usa.amazontest.TestNG_Parameterization"/>
  <testcase name="testMethod" time="0.000" classname="com.usa.amazontest.TestNG_Parameterization"/>
</testsuite> <!-- com.usa.amazontest.TestNG_Parameterization -->
