<?xml version="1.0" encoding="UTF-8"?>
<!-- Generated by org.testng.reporters.JUnitReportReporter -->
<testsuite skipped="0" hostname="WKSP000A756E" name="com.usa.amazontest.TestNGAnutation$Annotations_Sequence" tests="1" failures="0" timestamp="27 Aug 2019 14:31:08 GMT" time="0.005" errors="0">
  <testcase name="testCase1" time="0.005" classname="com.usa.amazontest.TestNGAnutation$Annotations_Sequence"/>
</testsuite> <!-- com.usa.amazontest.TestNGAnutation$Annotations_Sequence -->
