<?xml version="1.0" encoding="UTF-8"?>
<!-- Generated by org.testng.reporters.JUnitReportReporter -->
<testsuite skipped="0" hostname="DESKTOP-1B41O0N" name="com.usa.amazontest.Parallel_TestNG" tests="2" failures="0" timestamp="2019-09-15T19:47:42 EDT" time="9.875" errors="0">
  <testcase name="getChorme2" time="4.642" classname="com.usa.amazontest.Parallel_TestNG"/>
  <testcase name="getChorme1" time="5.233" classname="com.usa.amazontest.Parallel_TestNG"/>
</testsuite> <!-- com.usa.amazontest.Parallel_TestNG -->
