<?xml version="1.0" encoding="UTF-8"?>
<!-- Generated by org.testng.reporters.JUnitReportReporter -->
<testsuite skipped="0" hostname="WKSP000A756E" name="com.usa.amazontest.AmazonTest" tests="6" failures="0" timestamp="20 Aug 2019 18:47:57 GMT" time="21.500" errors="0">
  <testcase name="OpenBrowser" time="19.456" classname="com.usa.amazontest.AmazonTest"/>
  <testcase name="ClickOnSignIn" time="0.675" classname="com.usa.amazontest.AmazonTest"/>
  <testcase name="enterUserName" time="0.149" classname="com.usa.amazontest.AmazonTest"/>
  <testcase name="enterPassword" time="0.083" classname="com.usa.amazontest.AmazonTest"/>
  <testcase name="ClickOnSubmit" time="1.113" classname="com.usa.amazontest.AmazonTest"/>
  <testcase name="VerifyCredincial" time="0.024" classname="com.usa.amazontest.AmazonTest"/>
</testsuite> <!-- com.usa.amazontest.AmazonTest -->
