<?xml version="1.0" encoding="UTF-8"?>
<!-- Generated by org.testng.reporters.JUnitReportReporter -->
<testsuite skipped="0" hostname="WKSP000A756E" name="com.usa.amazontest.Soft_Hard_Assert" tests="2" failures="0" timestamp="27 Aug 2019 14:20:06 GMT" time="0.017" errors="0">
  <testcase name="hardAssertMethod" time="0.016" classname="com.usa.amazontest.Soft_Hard_Assert"/>
  <testcase name="softAssertionMethod" time="0.001" classname="com.usa.amazontest.Soft_Hard_Assert"/>
</testsuite> <!-- com.usa.amazontest.Soft_Hard_Assert -->
