<?xml version="1.0" encoding="UTF-8"?>
<!-- Generated by org.testng.reporters.JUnitReportReporter -->
<testsuite skipped="0" hostname="DESKTOP-1B41O0N" name="com.usa.amazontest.TestParameters" tests="2" failures="0" timestamp="2019-09-15T19:50:36 EDT" time="0.008" errors="0">
  <testcase name="testCaseOne" time="0.006" classname="com.usa.amazontest.TestParameters"/>
  <testcase name="testCaseTwo" time="0.002" classname="com.usa.amazontest.TestParameters"/>
</testsuite> <!-- com.usa.amazontest.TestParameters -->
